<?xml version="1.0" encoding="UTF-8"?>
<!-- Generated by org.testng.reporters.JUnitReportReporter -->
<testsuite hostname="krogon" failures="0" tests="1" name="restAPI.deleteRequest" time="1.339" errors="0" timestamp="04 Dec 2022 04:42:48 GMT" skipped="0">
  <testcase classname="restAPI.deleteRequest" name="test1" time="1.339"/>
</testsuite> <!-- restAPI.deleteRequest -->
