<?xml version="1.0" encoding="UTF-8"?>
<!-- Generated by org.testng.reporters.JUnitReportReporter -->
<testsuite hostname="krogon" failures="0" tests="1" name="restAPI.getRequestAllEmployees" time="1.998" errors="0" timestamp="03 Dec 2022 06:47:20 GMT" skipped="0">
  <testcase classname="restAPI.getRequestAllEmployees" name="test1" time="1.998"/>
</testsuite> <!-- restAPI.getRequestAllEmployees -->
