<?xml version="1.0" encoding="UTF-8"?>
<!-- Generated by org.testng.reporters.JUnitReportReporter -->
<testsuite hostname="krogon" failures="0" tests="1" name="restAPI.GetRequestWithParameter" time="1.867" errors="0" timestamp="03 Dec 2022 07:19:12 GMT" skipped="0">
  <testcase classname="restAPI.GetRequestWithParameter" name="test1" time="1.867"/>
</testsuite> <!-- restAPI.GetRequestWithParameter -->
