<?xml version="1.0" encoding="UTF-8"?>
<!-- Generated by org.testng.reporters.JUnitReportReporter -->
<testsuite hostname="krogon" failures="0" tests="1" name="restApiBDD.getRequestSingleEmployee" time="1.391" errors="0" timestamp="04 Dec 2022 06:16:52 GMT" skipped="0">
  <testcase classname="restApiBDD.getRequestSingleEmployee" name="test1" time="1.391"/>
</testsuite> <!-- restApiBDD.getRequestSingleEmployee -->
