<?xml version="1.0" encoding="UTF-8"?>
<!-- Generated by org.testng.reporters.JUnitReportReporter -->
<testsuite hostname="krogon" failures="0" tests="1" name="restAPI.getRequest" time="1.829" errors="0" timestamp="03 Dec 2022 05:59:19 GMT" skipped="0">
  <testcase classname="restAPI.getRequest" name="test1" time="1.829"/>
</testsuite> <!-- restAPI.getRequest -->
