<?xml version="1.0" encoding="UTF-8"?>
<!-- Generated by org.testng.reporters.JUnitReportReporter -->
<testsuite hostname="krogon" failures="0" tests="1" name="restAPI.postRequest" time="1.366" errors="0" timestamp="03 Dec 2022 07:19:56 GMT" skipped="0">
  <testcase classname="restAPI.postRequest" name="test1" time="1.366"/>
</testsuite> <!-- restAPI.postRequest -->
