<?xml version="1.0" encoding="UTF-8"?>
<!-- Generated by org.testng.reporters.JUnitReportReporter -->
<testsuite hostname="krogon" failures="0" tests="1" name="restAPI.putRequest" time="1.544" errors="0" timestamp="04 Dec 2022 04:45:47 GMT" skipped="0">
  <testcase classname="restAPI.putRequest" name="test1" time="1.544"/>
</testsuite> <!-- restAPI.putRequest -->
