<?xml version="1.0" encoding="UTF-8"?>
<!-- Generated by org.testng.reporters.JUnitReportReporter -->
<testsuite hostname="krogon" failures="0" tests="1" name="XMLTest.XMLExample" time="2.283" errors="0" timestamp="04 Dec 2022 05:20:04 GMT" skipped="0">
  <testcase classname="XMLTest.XMLExample" name="test1" time="2.283"/>
</testsuite> <!-- XMLTest.XMLExample -->
