<?xml version="1.0" encoding="UTF-8"?>
<!-- Generated by org.testng.reporters.JUnitReportReporter -->
<testsuite hostname="krogon" failures="0" tests="3" name="restApiBDD.getRequest" time="2.095" errors="0" timestamp="04 Dec 2022 06:57:04 GMT" skipped="0">
  <testcase classname="restApiBDD.getRequest" name="test3" time="0.053"/>
  <testcase classname="restApiBDD.getRequest" name="test1" time="1.429"/>
  <testcase classname="restApiBDD.getRequest" name="test2" time="0.613"/>
</testsuite> <!-- restApiBDD.getRequest -->
