<?xml version="1.0" encoding="UTF-8"?>
<!-- Generated by org.testng.reporters.JUnitReportReporter -->
<testsuite hostname="krogon" failures="0" tests="1" name="restApiBDD.postRequest" time="2.153" errors="0" timestamp="04 Dec 2022 06:59:22 GMT" skipped="0">
  <testcase classname="restApiBDD.postRequest" name="test1" time="2.153"/>
</testsuite> <!-- restApiBDD.postRequest -->
