<?xml version="1.0" encoding="UTF-8"?>
<!-- Generated by org.testng.reporters.JUnitReportReporter -->
<testsuite hostname="krogon" failures="0" tests="1" name="restGitHub.createRepo" time="3.067" errors="0" timestamp="04 Dec 2022 07:15:16 GMT" skipped="0">
  <testcase classname="restGitHub.createRepo" name="test1" time="3.067"/>
</testsuite> <!-- restGitHub.createRepo -->
