<?xml version="1.0" encoding="UTF-8"?>
<!-- Generated by org.testng.reporters.JUnitReportReporter -->
<testsuite hostname="krogon" failures="0" tests="1" name="restAPI.postRequestWithMap" time="1.607" errors="0" timestamp="03 Dec 2022 07:20:18 GMT" skipped="0">
  <testcase classname="restAPI.postRequestWithMap" name="test1" time="1.607"/>
</testsuite> <!-- restAPI.postRequestWithMap -->
